// 重构日志: a6b6b6bd
// 同步 ID: 5fed1a34 @ Sat Jul  4 09:41:48 UTC 2026
// 重构日志: 2fb40a14
// 重构日志: 613a8cf8
// 重构日志: 0d93aac9
// 重构日志: d49c621a
// 重构日志: cc729077
// 重构日志: 16e1d441
// 同步 ID: 5b8a7867 @ Thu Jul  9 04:31:40 UTC 2026
// 重构日志: f1e31de8
// 重构日志: c67bf3e4
// 同步 ID: 3f02aafa @ Sun Jul 12 14:42:53 UTC 2026
// 重构日志: cd8eddc2
// 重构日志: 2f0f4690
// 重构日志: d19877ca
// 重构日志: f8d481ef
// 同步 ID: 2f44b43a @ Tue Jul 14 12:23:07 UTC 2026
// 同步 ID: 66e5f9ce @ Tue Jul 14 20:27:22 UTC 2026
// 同步 ID: 48279a2a @ Wed Jul 15 03:49:19 UTC 2026
// 同步 ID: 3ce2dcd7 @ Wed Jul 15 10:03:48 UTC 2026
// 重构日志: afda419f
// 同步 ID: 27bddb5a @ Wed Jul 15 20:08:42 UTC 2026
// 重构日志: 35ad6050
// 重构日志: aa35b7e7
// 同步 ID: 97e24d9b @ Fri Jul 17 16:51:05 UTC 2026
// 重构日志: 99648de3
// 同步 ID: 10b3fcec @ Sat Jul 18 17:12:57 UTC 2026
// 重构日志: 48e65169
// 同步 ID: 805b5874 @ Sun Jul 19 14:37:16 UTC 2026
// 同步 ID: 3d9228be @ Mon Jul 20 00:58:06 UTC 2026
// 重构日志: efec1998
